<?xml version="1.0" encoding="UTF-8"?>
<testng-results skipped="0" failed="0" total="1" passed="1">
  <reporter-output>
  </reporter-output>
  <suite name="Suite" duration-ms="83971" started-at="2020-12-01T19:52:36Z" finished-at="2020-12-01T19:54:00Z">
    <groups>
    </groups>
    <test name="Test" duration-ms="83971" started-at="2020-12-01T19:52:36Z" finished-at="2020-12-01T19:54:00Z">
      <class name="Amazon.Action_Amazon">
        <test-method status="PASS" signature="getIntialinfo()[pri:0, instance:Amazon.Action_Amazon@4efc180e]" name="getIntialinfo" is-config="true" duration-ms="35617" started-at="2020-12-02T01:22:36Z" finished-at="2020-12-02T01:23:12Z">
          <reporter-output>
          </reporter-output>
        </test-method> <!-- getIntialinfo -->
        <test-method status="PASS" signature="homePageNavigation()[pri:0, instance:Amazon.Action_Amazon@4efc180e]" name="homePageNavigation" duration-ms="46622" started-at="2020-12-02T01:23:12Z" finished-at="2020-12-02T01:23:59Z">
          <reporter-output>
          </reporter-output>
        </test-method> <!-- homePageNavigation -->
        <test-method status="PASS" signature="closeDriver()[pri:0, instance:Amazon.Action_Amazon@4efc180e]" name="closeDriver" is-config="true" duration-ms="1693" started-at="2020-12-02T01:23:59Z" finished-at="2020-12-02T01:24:00Z">
          <reporter-output>
          </reporter-output>
        </test-method> <!-- closeDriver -->
      </class> <!-- Amazon.Action_Amazon -->
    </test> <!-- Test -->
  </suite> <!-- Suite -->
</testng-results>
